{"level":"fatal","message":"Prueba fatal"}
{"level":"error","message":"Prueba error"}
{"level":"fatal","message":"Prueba fatal"}
{"level":"error","message":"Prueba error"}
{"level":"error","message":"El carrito con ID 6467a3d8f77829babb4827a6a NO existe!"}
{"level":"error","message":"registerUser = User exists"}
{"level":"fatal","message":"Prueba fatal"}
{"level":"error","message":"Prueba error"}
{"level":"error","message":"loginUser = generateTokenResetPass is not defined"}
{"level":"error","message":"loginUser = loginNotification is not defined"}
{"level":"error","message":"loginUser = sendEmail is not defined"}
{"level":"error","message":"postProduct = Ya existe el producto que desea crear!"}
{"level":"error","message":"postProduct = Ya existe el producto que desea crear!"}
{"level":"error","message":"postProduct = Ya existe el producto que desea crear!"}
{"level":"error","message":"postProduct = Ya existe el producto que desea crear!"}
{"level":"error","message":"postProduct = Ya existe el producto que desea crear!"}
{"level":"error","message":"postProduct = Ya existe el producto que desea crear!"}
{"level":"error","message":"postProduct = Ya existe el producto que desea crear!"}
{"level":"error","message":"postProduct = Ya existe el producto que desea crear!"}
{"level":"error","message":"postProduct = Ya existe el producto que desea crear!"}
{"level":"error","message":"postProduct = Ya existe el producto que desea crear!"}
{"level":"error","message":"Error deleteProductById: NO tiene permiso para eliminar este producto!"}
{"level":"error","message":"putProductInCart = El Producto con ID 64d277e90f282487a242b874 NO puede agregarse!"}
{"level":"error","message":"putProductInCart = El Producto con ID 64d277e90f282487a242b874 NO puede agregarse!"}
{"level":"error","message":"getCartById = El carrito con ID 648c5210b6d45fb7738be22a NO existe!"}
{"level":"error","message":"getProductById = El producto con ID 64e0c8a9313605899a1b5926 NO existe!"}
{"level":"error","message":"getProductById = El producto con ID 64e0c9e0608a796e36942dfb NO existe!"}
{"level":"error","message":"getProductById = El producto con ID 64e0c9e0608a796e36942dfb NO existe!"}
{"level":"error","message":"getProductById = El producto con ID 64e0c9e0608a796e36942dfb NO existe!"}
{"level":"error","message":"getProductById = El producto con ID 64e0d0c8784a3056ef6191bb NO existe!"}
{"level":"error","message":"getProductById = El producto con ID 64e0d0c8784a3056ef6191bb NO existe!"}
{"level":"error","message":"loginUser = id is not defined"}
{"level":"error","message":"insertFile = No se ingresar la imagen"}
{"level":"error","message":"insertFile = No se ingresar la imagen"}
{"level":"error","message":"insertFile = No se ingresar la imagen"}
{"level":"error","message":"insertFile = No se ingresar la imagen"}
{"level":"error","message":"insertFile = No se ingresar la imagen"}
{"level":"error","message":"insertFile = No se ingresar la imagen"}
{"level":"error","message":"ChangeRol = No se pudo modificar el rol"}
{"level":"error","message":"ChangeRol = No se pudo modificar el rol"}
{"level":"error","message":"ChangeRol = No se pudo modificar el rol"}
{"level":"error","message":"getAllUser = No se pudieron mostrar los usuarios!"}
{"level":"error","message":"getAllUser = No se pudieron mostrar los usuarios!"}
{"level":"error","message":"getAllUser = No se pudieron mostrar los usuarios!"}
{"level":"error","message":"loginUser = usersRepository.getUser is not a function"}
{"level":"error","message":"getAllUser = No se pudieron mostrar los usuarios!"}
{"level":"error","message":"getAllUser = No se pudieron mostrar los usuarios!"}
{"level":"error","message":"getAllUser = No se pudieron mostrar los usuarios!"}
{"level":"error","message":"getAllUser = No se pudieron mostrar los usuarios!"}
{"level":"error","message":"getAllUser = No se pudieron mostrar los usuarios!"}
{"level":"error","message":"getAllUser = No se pudieron mostrar los usuarios!"}
{"level":"error","message":"getAllUser = No se pudieron mostrar los usuarios!"}
{"level":"error","message":"getAllUser = No se pudieron mostrar los usuarios!"}
{"level":"error","message":"getAllUser = No se pudieron mostrar los usuarios!"}
{"level":"error","message":"getAllUser = No se pudieron mostrar los usuarios!"}
{"level":"error","message":"getAllUser = No se pudieron mostrar los usuarios!"}
{"level":"error","message":"getAllUser = No se pudieron mostrar los usuarios!"}
{"level":"error","message":"getAllUser = No se pudieron mostrar los usuarios!"}
{"level":"error","message":"getAllUser = No se pudieron mostrar los usuarios!"}
{"level":"error","message":"getAllUser = No se pudieron mostrar los usuarios!"}
{"level":"error","message":"getAllUser = No se pudieron mostrar los usuarios!"}
{"level":"error","message":"getAllUser = No se pudieron mostrar los usuarios!"}
{"level":"error","message":"postProduct = Ya existe el producto que desea crear!"}
{"level":"error","message":"deleteUser = No existe el usuario a eliminar."}
{"level":"error","message":"deleteUser = No existe el usuario a eliminar."}
{"level":"error","message":"ChangeRol = No se pudo modificar el rol"}
{"level":"error","message":"ChangeRol = No se pudo modificar el rol"}
{"level":"error","message":"ChangeRol = No se pudo modificar el rol"}
{"level":"error","message":"deleteProductById = NO existe el producto que desea eliminar!"}
{"level":"error","message":"deleteProductById = NO existe el producto que desea eliminar!"}
{"level":"error","message":"deleteProductById = NO existe el producto que desea eliminar!"}
{"level":"error","message":"ChangeRol = No se pudo modificar el rol"}
{"level":"error","message":"deleteAllUser = No se pudo eliminar el user"}
{"level":"error","message":"deleteAllUser = No se pudo eliminar el user"}
{"level":"error","message":"deleteAllUser = No se pudo eliminar el user"}
{"level":"error","message":"deleteAllUser = No hay usuarios a eliminar"}
{"level":"error","message":"deleteAllUser = No hay usuarios a eliminar"}
{"level":"error","message":"insertFile = ingreso a procesar"}
{"level":"error","message":"uplodad"}
{"level":"error","message":"insertFile = ingreso a procesar"}
{"level":"error","message":"insertFile = ingreso a procesar"}
{"level":"error","message":"insertFile = ingreso a procesar"}
{"level":"error","message":"insertFile = ingreso a procesar"}
{"level":"error","message":"insertFile = ingreso a procesar"}
{"level":"error","message":"insertFile = ingreso a procesar"}
{"level":"error","message":"insertFile = ingreso a procesar"}
{"level":"error","message":"insertFile = ingreso a procesar"}
{"level":"error","message":"insertFile = No se pudo ingresar la imagen"}
{"level":"error","message":"insertFile = No se pudo ingresar la imagen"}
{"level":"error","message":"insertFile = No se pudo ingresar la imagen"}
{"level":"error","message":"insertFile = No se pudo ingresar la imagen"}
{"level":"error","message":"insertFile = No se pudo ingresar la imagen"}
{"level":"error","message":"insertFile = No se pudo ingresar la imagen"}
{"level":"error","message":"insertFile = No se pudo ingresar la imagen"}
{"level":"error","message":"insertFile = No se pudo ingresar la imagen"}
{"level":"error","message":"insertFile = No se pudo ingresar la imagen"}
{"level":"error","message":"insertFile = No se pudieron insertar los documentos!"}
{"level":"error","message":"insertFile = No se pudieron insertar los documentos!"}
{"level":"error","message":"insertFile = No se pudieron insertar los documentos!"}
{"level":"error","message":"insertFile = No se pudieron insertar los documentos!"}
{"level":"error","message":"insertFile = No se pudieron insertar los documentos!"}
{"level":"error","message":"insertFile = No se pudieron insertar los documentos!"}
{"level":"error","message":"insertFile = No se pudieron insertar los documentos!"}
{"level":"error","message":"insertFile = No se pudieron insertar los documentos!"}
{"level":"error","message":"getCartById = El carrito con ID 64f3a3e4a6a57a807a0a8dc0 NO existe!"}
{"level":"error","message":"getCartById = El carrito con ID 64f3a3e4a6a57a807a0a8dc0 NO existe!"}
{"level":"error","message":"getCartById = El carrito con ID 6467a3d8f77829babb4827a6 NO existe!"}
{"level":"error","message":"getCartById = El carrito con ID 6467a3d8f77829babb4827a6 NO existe!"}
{"level":"error","message":"getCartById = El carrito con ID 6467a3d8f77829babb4827a6 NO existe!"}
{"level":"error","message":"getCartById = El carrito con ID 6467a3d8f77829babb4827a6 NO existe!"}
{"level":"error","message":"getCartById = El carrito con ID 6467a3d8f77829babb4827a6 NO existe!"}
{"level":"error","message":"getCartById = El carrito con ID 6467a3d8f77829babb4827a6 NO existe!"}
{"level":"error","message":"getCartById = El carrito con ID 6467a3d8f77829babb4827a6 NO existe!"}
{"level":"error","message":"getCartById = El carrito con ID 6467a3d8f77829babb4827a6 NO existe!"}
{"level":"error","message":"getCartById = El carrito con ID 6467a3d8f77829babb4827a6 NO existe!"}
{"level":"error","message":"postPurchase = Invalid status code: ticketCart.hbs"}
{"level":"error","message":"postPurchase = Invalid status code: ticketCart.hbs"}
{"level":"error","message":"loginUser = Operation `users.findOne()` buffering timed out after 10000ms"}
{"level":"error","message":"loginUser = Operation `users.findOne()` buffering timed out after 10000ms"}
{"level":"error","message":"loginUser = Operation `users.findOne()` buffering timed out after 10000ms"}
{"level":"error","message":"getCartById = El carrito con ID purchase NO existe!"}
{"level":"error","message":"getCartById = El carrito con ID purchase NO existe!"}
{"level":"error","message":"getCartById = El carrito con ID purchase NO existe!"}
{"level":"error","message":"getCartById = El carrito con ID purchase NO existe!"}
{"level":"error","message":"getCartById = El carrito con ID purchase NO existe!"}
{"level":"error","message":"getCartById = El carrito con ID purchase NO existe!"}
{"level":"error","message":"getCartById = El carrito con ID purchase NO existe!"}
{"level":"error","message":"postPurchase = config is not defined"}
{"level":"error","message":"getCartById = El carrito con ID purchase NO existe!"}
{"level":"error","message":"getCartById = El carrito con ID purchase NO existe!"}
{"level":"error","message":"getPurchase = email is not defined"}
{"level":"error","message":"getPurchase = email is not defined"}
{"level":"error","message":"getPurchase = email is not defined"}
{"level":"error","message":"getPurchase = email is not defined"}
{"level":"error","message":"getPurchase = email is not defined"}
{"level":"error","message":"getPurchase = email is not defined"}
{"level":"error","message":"getPurchase = email is not defined"}
{"level":"error","message":"getPurchase = email is not defined"}
{"level":"error","message":"getPurchase = email is not defined"}
{"level":"error","message":"getPurchase = email is not defined"}
{"level":"error","message":"getCartById = El carrito con ID mypurchase NO existe!"}
{"level":"error","message":"getCartById = El carrito con ID mypurchase NO existe!"}
{"level":"error","message":"getPurchase = email is not defined"}
{"level":"error","message":"getPurchase = email is not defined"}
{"level":"error","message":"getPurchase = email is not defined"}
{"level":"error","message":"getCartById = El carrito con ID mypurchase NO existe!"}
{"level":"error","message":"getCartById = El carrito con ID mypurchase NO existe!"}
{"level":"error","message":"getCartById = El carrito con ID mypurchase NO existe!"}
{"level":"error","message":"getCartById = El carrito con ID mypurchase NO existe!"}
{"level":"error","message":"getCartById = El carrito con ID mypurchase NO existe!"}
{"level":"error","message":"getCartById = El carrito con ID mypurchase NO existe!"}
{"level":"error","message":"getCartById = El carrito con ID mypurchase NO existe!"}
{"level":"error","message":"getCartById = El carrito con ID mypurchase NO existe!"}
{"level":"error","message":"getCartById = El carrito con ID mypurchase NO existe!"}
{"level":"error","message":"getCartById = El carrito con ID mypurchase NO existe!"}
{"level":"error","message":"getAllPurchase = TypeError: Cannot set properties of undefined (setting 'isValid')"}
{"level":"error","message":"getAllPurchase = TypeError: Cannot set properties of undefined (setting 'isValid')"}
{"level":"error","message":"getAllPurchase = TypeError: Cannot set properties of undefined (setting 'isValid')"}
{"level":"error","message":"getAllPurchase = ReferenceError: moment is not defined"}
